[2025-02-22 09:27:06] local.INFO: PDOException: SQLSTATE[HY000] [2002] No connection could be made because the target machine actively refused it in C:\xampp\htdocs\esgroup\vendor\laravel\framework\src\Illuminate\Database\Connectors\Connector.php:66
Stack trace:
#0 C:\xampp\htdocs\esgroup\vendor\laravel\framework\src\Illuminate\Database\Connectors\Connector.php(66): PDO->__construct('mysql:host=127....', 'root', Object(SensitiveParameterValue), Array)
#1 C:\xampp\htdocs\esgroup\vendor\laravel\framework\src\Illuminate\Database\Connectors\Connector.php(85): Illuminate\Database\Connectors\Connector->createPdoConnection('mysql:host=127....', 'root', '', Array)
#2 C:\xampp\htdocs\esgroup\vendor\laravel\framework\src\Illuminate\Database\Connectors\Connector.php(48): Illuminate\Database\Connectors\Connector->tryAgainIfCausedByLostConnection(Object(PDOException), 'mysql:host=127....', 'root', '', Array)
#3 C:\xampp\htdocs\esgroup\vendor\laravel\framework\src\Illuminate\Database\Connectors\MySqlConnector.php(24): Illuminate\Database\Connectors\Connector->createConnection('mysql:host=127....', Array, Array)
#4 C:\xampp\htdocs\esgroup\vendor\laravel\framework\src\Illuminate\Database\Connectors\ConnectionFactory.php(185): Illuminate\Database\Connectors\MySqlConnector->connect(Array)
#5 [internal function]: Illuminate\Database\Connectors\ConnectionFactory->Illuminate\Database\Connectors\{closure}()
#6 C:\xampp\htdocs\esgroup\vendor\laravel\framework\src\Illuminate\Database\Connection.php(1231): call_user_func(Object(Closure))
#7 C:\xampp\htdocs\esgroup\vendor\laravel\framework\src\Illuminate\Database\Connection.php(1267): Illuminate\Database\Connection->getPdo()
#8 C:\xampp\htdocs\esgroup\vendor\laravel\framework\src\Illuminate\Database\Connection.php(512): Illuminate\Database\Connection->getReadPdo()
#9 C:\xampp\htdocs\esgroup\vendor\laravel\framework\src\Illuminate\Database\Connection.php(407): Illuminate\Database\Connection->getPdoForSelect(true)
#10 C:\xampp\htdocs\esgroup\vendor\laravel\framework\src\Illuminate\Database\Connection.php(812): Illuminate\Database\Connection->Illuminate\Database\{closure}('select * from `...', Array)
#11 C:\xampp\htdocs\esgroup\vendor\laravel\framework\src\Illuminate\Database\Connection.php(979): Illuminate\Database\Connection->runQueryCallback('select * from `...', Array, Object(Closure))
#12 C:\xampp\htdocs\esgroup\vendor\laravel\framework\src\Illuminate\Database\Connection.php(958): Illuminate\Database\Connection->tryAgainIfCausedByLostConnection(Object(Illuminate\Database\QueryException), 'select * from `...', Array, Object(Closure))
#13 C:\xampp\htdocs\esgroup\vendor\laravel\framework\src\Illuminate\Database\Connection.php(781): Illuminate\Database\Connection->handleQueryException(Object(Illuminate\Database\QueryException), 'select * from `...', Array, Object(Closure))
#14 C:\xampp\htdocs\esgroup\vendor\laravel\framework\src\Illuminate\Database\Connection.php(398): Illuminate\Database\Connection->run('select * from `...', Array, Object(Closure))
#15 C:\xampp\htdocs\esgroup\vendor\laravel\framework\src\Illuminate\Database\Query\Builder.php(3130): Illuminate\Database\Connection->select('select * from `...', Array, true)
#16 C:\xampp\htdocs\esgroup\vendor\laravel\framework\src\Illuminate\Database\Query\Builder.php(3115): Illuminate\Database\Query\Builder->runSelect()
#17 C:\xampp\htdocs\esgroup\vendor\laravel\framework\src\Illuminate\Database\Query\Builder.php(3703): Illuminate\Database\Query\Builder->Illuminate\Database\Query\{closure}()
#18 C:\xampp\htdocs\esgroup\vendor\laravel\framework\src\Illuminate\Database\Query\Builder.php(3114): Illuminate\Database\Query\Builder->onceWithColumns(Array, Object(Closure))
#19 C:\xampp\htdocs\esgroup\vendor\laravel\framework\src\Illuminate\Database\Eloquent\Builder.php(759): Illuminate\Database\Query\Builder->get(Array)
#20 C:\xampp\htdocs\esgroup\vendor\laravel\framework\src\Illuminate\Database\Eloquent\Builder.php(741): Illuminate\Database\Eloquent\Builder->getModels(Array)
#21 C:\xampp\htdocs\esgroup\vendor\laravel\framework\src\Illuminate\Database\Concerns\BuildsQueries.php(344): Illuminate\Database\Eloquent\Builder->get(Array)
#22 C:\xampp\htdocs\esgroup\vendor\laravel\framework\src\Illuminate\Auth\EloquentUserProvider.php(139): Illuminate\Database\Eloquent\Builder->first()
#23 C:\xampp\htdocs\esgroup\vendor\laravel\framework\src\Illuminate\Auth\SessionGuard.php(393): Illuminate\Auth\EloquentUserProvider->retrieveByCredentials(Object(SensitiveParameterValue))
#24 C:\xampp\htdocs\esgroup\vendor\laravel\framework\src\Illuminate\Auth\AuthManager.php(341): Illuminate\Auth\SessionGuard->attempt(Array)
#25 C:\xampp\htdocs\esgroup\vendor\laravel\framework\src\Illuminate\Support\Facades\Facade.php(358): Illuminate\Auth\AuthManager->__call('attempt', Array)
#26 C:\xampp\htdocs\esgroup\app\Http\Controllers\Auth\LoginController.php(48): Illuminate\Support\Facades\Facade::__callStatic('attempt', Array)
#27 C:\xampp\htdocs\esgroup\vendor\laravel\framework\src\Illuminate\Routing\Controller.php(54): App\Http\Controllers\Auth\LoginController->authenticate(Object(Illuminate\Http\Request))
#28 C:\xampp\htdocs\esgroup\vendor\laravel\framework\src\Illuminate\Routing\ControllerDispatcher.php(43): Illuminate\Routing\Controller->callAction('authenticate', Array)
#29 C:\xampp\htdocs\esgroup\vendor\laravel\framework\src\Illuminate\Routing\Route.php(262): Illuminate\Routing\ControllerDispatcher->dispatch(Object(Illuminate\Routing\Route), Object(App\Http\Controllers\Auth\LoginController), 'authenticate')
#30 C:\xampp\htdocs\esgroup\vendor\laravel\framework\src\Illuminate\Routing\Route.php(208): Illuminate\Routing\Route->runController()
#31 C:\xampp\htdocs\esgroup\vendor\laravel\framework\src\Illuminate\Routing\Router.php(808): Illuminate\Routing\Route->run()
#32 C:\xampp\htdocs\esgroup\vendor\laravel\framework\src\Illuminate\Pipeline\Pipeline.php(144): Illuminate\Routing\Router->Illuminate\Routing\{closure}(Object(Illuminate\Http\Request))
#33 C:\xampp\htdocs\esgroup\vendor\laravel\framework\src\Illuminate\Auth\Middleware\RedirectIfAuthenticated.php(35): Illuminate\Pipeline\Pipeline->Illuminate\Pipeline\{closure}(Object(Illuminate\Http\Request))
#34 C:\xampp\htdocs\esgroup\vendor\laravel\framework\src\Illuminate\Pipeline\Pipeline.php(183): Illuminate\Auth\Middleware\RedirectIfAuthenticated->handle(Object(Illuminate\Http\Request), Object(Closure))
#35 C:\xampp\htdocs\esgroup\vendor\php-flasher\flasher-laravel\Middleware\FlasherMiddleware.php(22): Illuminate\Pipeline\Pipeline->Illuminate\Pipeline\{closure}(Object(Illuminate\Http\Request))
#36 C:\xampp\htdocs\esgroup\vendor\laravel\framework\src\Illuminate\Pipeline\Pipeline.php(183): Flasher\Laravel\Middleware\FlasherMiddleware->handle(Object(Illuminate\Http\Request), Object(Closure))
#37 C:\xampp\htdocs\esgroup\vendor\php-flasher\flasher-laravel\Middleware\SessionMiddleware.php(22): Illuminate\Pipeline\Pipeline->Illuminate\Pipeline\{closure}(Object(Illuminate\Http\Request))
#38 C:\xampp\htdocs\esgroup\vendor\laravel\framework\src\Illuminate\Pipeline\Pipeline.php(183): Flasher\Laravel\Middleware\SessionMiddleware->handle(Object(Illuminate\Http\Request), Object(Closure))
#39 C:\xampp\htdocs\esgroup\vendor\laravel\framework\src\Illuminate\Routing\Middleware\SubstituteBindings.php(51): Illuminate\Pipeline\Pipeline->Illuminate\Pipeline\{closure}(Object(Illuminate\Http\Request))
#40 C:\xampp\htdocs\esgroup\vendor\laravel\framework\src\Illuminate\Pipeline\Pipeline.php(183): Illuminate\Routing\Middleware\SubstituteBindings->handle(Object(Illuminate\Http\Request), Object(Closure))
#41 C:\xampp\htdocs\esgroup\vendor\laravel\framework\src\Illuminate\Foundation\Http\Middleware\VerifyCsrfToken.php(88): Illuminate\Pipeline\Pipeline->Illuminate\Pipeline\{closure}(Object(Illuminate\Http\Request))
#42 C:\xampp\htdocs\esgroup\vendor\laravel\framework\src\Illuminate\Pipeline\Pipeline.php(183): Illuminate\Foundation\Http\Middleware\VerifyCsrfToken->handle(Object(Illuminate\Http\Request), Object(Closure))
#43 C:\xampp\htdocs\esgroup\vendor\laravel\framework\src\Illuminate\View\Middleware\ShareErrorsFromSession.php(49): Illuminate\Pipeline\Pipeline->Illuminate\Pipeline\{closure}(Object(Illuminate\Http\Request))
#44 C:\xampp\htdocs\esgroup\vendor\laravel\framework\src\Illuminate\Pipeline\Pipeline.php(183): Illuminate\View\Middleware\ShareErrorsFromSession->handle(Object(Illuminate\Http\Request), Object(Closure))
#45 C:\xampp\htdocs\esgroup\vendor\laravel\framework\src\Illuminate\Session\Middleware\StartSession.php(121): Illuminate\Pipeline\Pipeline->Illuminate\Pipeline\{closure}(Object(Illuminate\Http\Request))
#46 C:\xampp\htdocs\esgroup\vendor\laravel\framework\src\Illuminate\Session\Middleware\StartSession.php(64): Illuminate\Session\Middleware\StartSession->handleStatefulRequest(Object(Illuminate\Http\Request), Object(Illuminate\Session\Store), Object(Closure))
#47 C:\xampp\htdocs\esgroup\vendor\laravel\framework\src\Illuminate\Pipeline\Pipeline.php(183): Illuminate\Session\Middleware\StartSession->handle(Object(Illuminate\Http\Request), Object(Closure))
#48 C:\xampp\htdocs\esgroup\vendor\laravel\framework\src\Illuminate\Cookie\Middleware\AddQueuedCookiesToResponse.php(37): Illuminate\Pipeline\Pipeline->Illuminate\Pipeline\{closure}(Object(Illuminate\Http\Request))
#49 C:\xampp\htdocs\esgroup\vendor\laravel\framework\src\Illuminate\Pipeline\Pipeline.php(183): Illuminate\Cookie\Middleware\AddQueuedCookiesToResponse->handle(Object(Illuminate\Http\Request), Object(Closure))
#50 C:\xampp\htdocs\esgroup\vendor\laravel\framework\src\Illuminate\Cookie\Middleware\EncryptCookies.php(75): Illuminate\Pipeline\Pipeline->Illuminate\Pipeline\{closure}(Object(Illuminate\Http\Request))
#51 C:\xampp\htdocs\esgroup\vendor\laravel\framework\src\Illuminate\Pipeline\Pipeline.php(183): Illuminate\Cookie\Middleware\EncryptCookies->handle(Object(Illuminate\Http\Request), Object(Closure))
#52 C:\xampp\htdocs\esgroup\vendor\laravel\framework\src\Illuminate\Pipeline\Pipeline.php(119): Illuminate\Pipeline\Pipeline->Illuminate\Pipeline\{closure}(Object(Illuminate\Http\Request))
#53 C:\xampp\htdocs\esgroup\vendor\laravel\framework\src\Illuminate\Routing\Router.php(807): Illuminate\Pipeline\Pipeline->then(Object(Closure))
#54 C:\xampp\htdocs\esgroup\vendor\laravel\framework\src\Illuminate\Routing\Router.php(786): Illuminate\Routing\Router->runRouteWithinStack(Object(Illuminate\Routing\Route), Object(Illuminate\Http\Request))
#55 C:\xampp\htdocs\esgroup\vendor\laravel\framework\src\Illuminate\Routing\Router.php(750): Illuminate\Routing\Router->runRoute(Object(Illuminate\Http\Request), Object(Illuminate\Routing\Route))
#56 C:\xampp\htdocs\esgroup\vendor\laravel\framework\src\Illuminate\Routing\Router.php(739): Illuminate\Routing\Router->dispatchToRoute(Object(Illuminate\Http\Request))
#57 C:\xampp\htdocs\esgroup\vendor\laravel\framework\src\Illuminate\Foundation\Http\Kernel.php(201): Illuminate\Routing\Router->dispatch(Object(Illuminate\Http\Request))
#58 C:\xampp\htdocs\esgroup\vendor\laravel\framework\src\Illuminate\Pipeline\Pipeline.php(144): Illuminate\Foundation\Http\Kernel->Illuminate\Foundation\Http\{closure}(Object(Illuminate\Http\Request))
#59 C:\xampp\htdocs\esgroup\vendor\laravel\framework\src\Illuminate\Foundation\Http\Middleware\TransformsRequest.php(21): Illuminate\Pipeline\Pipeline->Illuminate\Pipeline\{closure}(Object(Illuminate\Http\Request))
#60 C:\xampp\htdocs\esgroup\vendor\laravel\framework\src\Illuminate\Foundation\Http\Middleware\ConvertEmptyStringsToNull.php(31): Illuminate\Foundation\Http\Middleware\TransformsRequest->handle(Object(Illuminate\Http\Request), Object(Closure))
#61 C:\xampp\htdocs\esgroup\vendor\laravel\framework\src\Illuminate\Pipeline\Pipeline.php(183): Illuminate\Foundation\Http\Middleware\ConvertEmptyStringsToNull->handle(Object(Illuminate\Http\Request), Object(Closure))
#62 C:\xampp\htdocs\esgroup\vendor\laravel\framework\src\Illuminate\Foundation\Http\Middleware\TransformsRequest.php(21): Illuminate\Pipeline\Pipeline->Illuminate\Pipeline\{closure}(Object(Illuminate\Http\Request))
#63 C:\xampp\htdocs\esgroup\vendor\laravel\framework\src\Illuminate\Foundation\Http\Middleware\TrimStrings.php(51): Illuminate\Foundation\Http\Middleware\TransformsRequest->handle(Object(Illuminate\Http\Request), Object(Closure))
#64 C:\xampp\htdocs\esgroup\vendor\laravel\framework\src\Illuminate\Pipeline\Pipeline.php(183): Illuminate\Foundation\Http\Middleware\TrimStrings->handle(Object(Illuminate\Http\Request), Object(Closure))
#65 C:\xampp\htdocs\esgroup\vendor\laravel\framework\src\Illuminate\Http\Middleware\ValidatePostSize.php(27): Illuminate\Pipeline\Pipeline->Illuminate\Pipeline\{closure}(Object(Illuminate\Http\Request))
#66 C:\xampp\htdocs\esgroup\vendor\laravel\framework\src\Illuminate\Pipeline\Pipeline.php(183): Illuminate\Http\Middleware\ValidatePostSize->handle(Object(Illuminate\Http\Request), Object(Closure))
#67 C:\xampp\htdocs\esgroup\vendor\laravel\framework\src\Illuminate\Foundation\Http\Middleware\PreventRequestsDuringMaintenance.php(110): Illuminate\Pipeline\Pipeline->Illuminate\Pipeline\{closure}(Object(Illuminate\Http\Request))
#68 C:\xampp\htdocs\esgroup\vendor\laravel\framework\src\Illuminate\Pipeline\Pipeline.php(183): Illuminate\Foundation\Http\Middleware\PreventRequestsDuringMaintenance->handle(Object(Illuminate\Http\Request), Object(Closure))
#69 C:\xampp\htdocs\esgroup\vendor\laravel\framework\src\Illuminate\Http\Middleware\HandleCors.php(49): Illuminate\Pipeline\Pipeline->Illuminate\Pipeline\{closure}(Object(Illuminate\Http\Request))
#70 C:\xampp\htdocs\esgroup\vendor\laravel\framework\src\Illuminate\Pipeline\Pipeline.php(183): Illuminate\Http\Middleware\HandleCors->handle(Object(Illuminate\Http\Request), Object(Closure))
#71 C:\xampp\htdocs\esgroup\vendor\laravel\framework\src\Illuminate\Http\Middleware\TrustProxies.php(58): Illuminate\Pipeline\Pipeline->Illuminate\Pipeline\{closure}(Object(Illuminate\Http\Request))
#72 C:\xampp\htdocs\esgroup\vendor\laravel\framework\src\Illuminate\Pipeline\Pipeline.php(183): Illuminate\Http\Middleware\TrustProxies->handle(Object(Illuminate\Http\Request), Object(Closure))
#73 C:\xampp\htdocs\esgroup\vendor\laravel\framework\src\Illuminate\Foundation\Http\Middleware\InvokeDeferredCallbacks.php(22): Illuminate\Pipeline\Pipeline->Illuminate\Pipeline\{closure}(Object(Illuminate\Http\Request))
#74 C:\xampp\htdocs\esgroup\vendor\laravel\framework\src\Illuminate\Pipeline\Pipeline.php(183): Illuminate\Foundation\Http\Middleware\InvokeDeferredCallbacks->handle(Object(Illuminate\Http\Request), Object(Closure))
#75 C:\xampp\htdocs\esgroup\vendor\laravel\framework\src\Illuminate\Pipeline\Pipeline.php(119): Illuminate\Pipeline\Pipeline->Illuminate\Pipeline\{closure}(Object(Illuminate\Http\Request))
#76 C:\xampp\htdocs\esgroup\vendor\laravel\framework\src\Illuminate\Foundation\Http\Kernel.php(176): Illuminate\Pipeline\Pipeline->then(Object(Closure))
#77 C:\xampp\htdocs\esgroup\vendor\laravel\framework\src\Illuminate\Foundation\Http\Kernel.php(145): Illuminate\Foundation\Http\Kernel->sendRequestThroughRouter(Object(Illuminate\Http\Request))
#78 C:\xampp\htdocs\esgroup\vendor\laravel\framework\src\Illuminate\Foundation\Application.php(1188): Illuminate\Foundation\Http\Kernel->handle(Object(Illuminate\Http\Request))
#79 C:\xampp\htdocs\esgroup\public\index.php(17): Illuminate\Foundation\Application->handleRequest(Object(Illuminate\Http\Request))
#80 C:\xampp\htdocs\esgroup\vendor\laravel\framework\src\Illuminate\Foundation\resources\server.php(23): require_once('C:\\xampp\\htdocs...')
#81 {main}

Next Illuminate\Database\QueryException: SQLSTATE[HY000] [2002] No connection could be made because the target machine actively refused it (Connection: mysql, SQL: select * from `users` where `email` = es.itdepartment.main@gmail.com and `status` = Active limit 1) in C:\xampp\htdocs\esgroup\vendor\laravel\framework\src\Illuminate\Database\Connection.php:825
Stack trace:
#0 C:\xampp\htdocs\esgroup\vendor\laravel\framework\src\Illuminate\Database\Connection.php(979): Illuminate\Database\Connection->runQueryCallback('select * from `...', Array, Object(Closure))
#1 C:\xampp\htdocs\esgroup\vendor\laravel\framework\src\Illuminate\Database\Connection.php(958): Illuminate\Database\Connection->tryAgainIfCausedByLostConnection(Object(Illuminate\Database\QueryException), 'select * from `...', Array, Object(Closure))
#2 C:\xampp\htdocs\esgroup\vendor\laravel\framework\src\Illuminate\Database\Connection.php(781): Illuminate\Database\Connection->handleQueryException(Object(Illuminate\Database\QueryException), 'select * from `...', Array, Object(Closure))
#3 C:\xampp\htdocs\esgroup\vendor\laravel\framework\src\Illuminate\Database\Connection.php(398): Illuminate\Database\Connection->run('select * from `...', Array, Object(Closure))
#4 C:\xampp\htdocs\esgroup\vendor\laravel\framework\src\Illuminate\Database\Query\Builder.php(3130): Illuminate\Database\Connection->select('select * from `...', Array, true)
#5 C:\xampp\htdocs\esgroup\vendor\laravel\framework\src\Illuminate\Database\Query\Builder.php(3115): Illuminate\Database\Query\Builder->runSelect()
#6 C:\xampp\htdocs\esgroup\vendor\laravel\framework\src\Illuminate\Database\Query\Builder.php(3703): Illuminate\Database\Query\Builder->Illuminate\Database\Query\{closure}()
#7 C:\xampp\htdocs\esgroup\vendor\laravel\framework\src\Illuminate\Database\Query\Builder.php(3114): Illuminate\Database\Query\Builder->onceWithColumns(Array, Object(Closure))
#8 C:\xampp\htdocs\esgroup\vendor\laravel\framework\src\Illuminate\Database\Eloquent\Builder.php(759): Illuminate\Database\Query\Builder->get(Array)
#9 C:\xampp\htdocs\esgroup\vendor\laravel\framework\src\Illuminate\Database\Eloquent\Builder.php(741): Illuminate\Database\Eloquent\Builder->getModels(Array)
#10 C:\xampp\htdocs\esgroup\vendor\laravel\framework\src\Illuminate\Database\Concerns\BuildsQueries.php(344): Illuminate\Database\Eloquent\Builder->get(Array)
#11 C:\xampp\htdocs\esgroup\vendor\laravel\framework\src\Illuminate\Auth\EloquentUserProvider.php(139): Illuminate\Database\Eloquent\Builder->first()
#12 C:\xampp\htdocs\esgroup\vendor\laravel\framework\src\Illuminate\Auth\SessionGuard.php(393): Illuminate\Auth\EloquentUserProvider->retrieveByCredentials(Object(SensitiveParameterValue))
#13 C:\xampp\htdocs\esgroup\vendor\laravel\framework\src\Illuminate\Auth\AuthManager.php(341): Illuminate\Auth\SessionGuard->attempt(Array)
#14 C:\xampp\htdocs\esgroup\vendor\laravel\framework\src\Illuminate\Support\Facades\Facade.php(358): Illuminate\Auth\AuthManager->__call('attempt', Array)
#15 C:\xampp\htdocs\esgroup\app\Http\Controllers\Auth\LoginController.php(48): Illuminate\Support\Facades\Facade::__callStatic('attempt', Array)
#16 C:\xampp\htdocs\esgroup\vendor\laravel\framework\src\Illuminate\Routing\Controller.php(54): App\Http\Controllers\Auth\LoginController->authenticate(Object(Illuminate\Http\Request))
#17 C:\xampp\htdocs\esgroup\vendor\laravel\framework\src\Illuminate\Routing\ControllerDispatcher.php(43): Illuminate\Routing\Controller->callAction('authenticate', Array)
#18 C:\xampp\htdocs\esgroup\vendor\laravel\framework\src\Illuminate\Routing\Route.php(262): Illuminate\Routing\ControllerDispatcher->dispatch(Object(Illuminate\Routing\Route), Object(App\Http\Controllers\Auth\LoginController), 'authenticate')
#19 C:\xampp\htdocs\esgroup\vendor\laravel\framework\src\Illuminate\Routing\Route.php(208): Illuminate\Routing\Route->runController()
#20 C:\xampp\htdocs\esgroup\vendor\laravel\framework\src\Illuminate\Routing\Router.php(808): Illuminate\Routing\Route->run()
#21 C:\xampp\htdocs\esgroup\vendor\laravel\framework\src\Illuminate\Pipeline\Pipeline.php(144): Illuminate\Routing\Router->Illuminate\Routing\{closure}(Object(Illuminate\Http\Request))
#22 C:\xampp\htdocs\esgroup\vendor\laravel\framework\src\Illuminate\Auth\Middleware\RedirectIfAuthenticated.php(35): Illuminate\Pipeline\Pipeline->Illuminate\Pipeline\{closure}(Object(Illuminate\Http\Request))
#23 C:\xampp\htdocs\esgroup\vendor\laravel\framework\src\Illuminate\Pipeline\Pipeline.php(183): Illuminate\Auth\Middleware\RedirectIfAuthenticated->handle(Object(Illuminate\Http\Request), Object(Closure))
#24 C:\xampp\htdocs\esgroup\vendor\php-flasher\flasher-laravel\Middleware\FlasherMiddleware.php(22): Illuminate\Pipeline\Pipeline->Illuminate\Pipeline\{closure}(Object(Illuminate\Http\Request))
#25 C:\xampp\htdocs\esgroup\vendor\laravel\framework\src\Illuminate\Pipeline\Pipeline.php(183): Flasher\Laravel\Middleware\FlasherMiddleware->handle(Object(Illuminate\Http\Request), Object(Closure))
#26 C:\xampp\htdocs\esgroup\vendor\php-flasher\flasher-laravel\Middleware\SessionMiddleware.php(22): Illuminate\Pipeline\Pipeline->Illuminate\Pipeline\{closure}(Object(Illuminate\Http\Request))
#27 C:\xampp\htdocs\esgroup\vendor\laravel\framework\src\Illuminate\Pipeline\Pipeline.php(183): Flasher\Laravel\Middleware\SessionMiddleware->handle(Object(Illuminate\Http\Request), Object(Closure))
#28 C:\xampp\htdocs\esgroup\vendor\laravel\framework\src\Illuminate\Routing\Middleware\SubstituteBindings.php(51): Illuminate\Pipeline\Pipeline->Illuminate\Pipeline\{closure}(Object(Illuminate\Http\Request))
#29 C:\xampp\htdocs\esgroup\vendor\laravel\framework\src\Illuminate\Pipeline\Pipeline.php(183): Illuminate\Routing\Middleware\SubstituteBindings->handle(Object(Illuminate\Http\Request), Object(Closure))
#30 C:\xampp\htdocs\esgroup\vendor\laravel\framework\src\Illuminate\Foundation\Http\Middleware\VerifyCsrfToken.php(88): Illuminate\Pipeline\Pipeline->Illuminate\Pipeline\{closure}(Object(Illuminate\Http\Request))
#31 C:\xampp\htdocs\esgroup\vendor\laravel\framework\src\Illuminate\Pipeline\Pipeline.php(183): Illuminate\Foundation\Http\Middleware\VerifyCsrfToken->handle(Object(Illuminate\Http\Request), Object(Closure))
#32 C:\xampp\htdocs\esgroup\vendor\laravel\framework\src\Illuminate\View\Middleware\ShareErrorsFromSession.php(49): Illuminate\Pipeline\Pipeline->Illuminate\Pipeline\{closure}(Object(Illuminate\Http\Request))
#33 C:\xampp\htdocs\esgroup\vendor\laravel\framework\src\Illuminate\Pipeline\Pipeline.php(183): Illuminate\View\Middleware\ShareErrorsFromSession->handle(Object(Illuminate\Http\Request), Object(Closure))
#34 C:\xampp\htdocs\esgroup\vendor\laravel\framework\src\Illuminate\Session\Middleware\StartSession.php(121): Illuminate\Pipeline\Pipeline->Illuminate\Pipeline\{closure}(Object(Illuminate\Http\Request))
#35 C:\xampp\htdocs\esgroup\vendor\laravel\framework\src\Illuminate\Session\Middleware\StartSession.php(64): Illuminate\Session\Middleware\StartSession->handleStatefulRequest(Object(Illuminate\Http\Request), Object(Illuminate\Session\Store), Object(Closure))
#36 C:\xampp\htdocs\esgroup\vendor\laravel\framework\src\Illuminate\Pipeline\Pipeline.php(183): Illuminate\Session\Middleware\StartSession->handle(Object(Illuminate\Http\Request), Object(Closure))
#37 C:\xampp\htdocs\esgroup\vendor\laravel\framework\src\Illuminate\Cookie\Middleware\AddQueuedCookiesToResponse.php(37): Illuminate\Pipeline\Pipeline->Illuminate\Pipeline\{closure}(Object(Illuminate\Http\Request))
#38 C:\xampp\htdocs\esgroup\vendor\laravel\framework\src\Illuminate\Pipeline\Pipeline.php(183): Illuminate\Cookie\Middleware\AddQueuedCookiesToResponse->handle(Object(Illuminate\Http\Request), Object(Closure))
#39 C:\xampp\htdocs\esgroup\vendor\laravel\framework\src\Illuminate\Cookie\Middleware\EncryptCookies.php(75): Illuminate\Pipeline\Pipeline->Illuminate\Pipeline\{closure}(Object(Illuminate\Http\Request))
#40 C:\xampp\htdocs\esgroup\vendor\laravel\framework\src\Illuminate\Pipeline\Pipeline.php(183): Illuminate\Cookie\Middleware\EncryptCookies->handle(Object(Illuminate\Http\Request), Object(Closure))
#41 C:\xampp\htdocs\esgroup\vendor\laravel\framework\src\Illuminate\Pipeline\Pipeline.php(119): Illuminate\Pipeline\Pipeline->Illuminate\Pipeline\{closure}(Object(Illuminate\Http\Request))
#42 C:\xampp\htdocs\esgroup\vendor\laravel\framework\src\Illuminate\Routing\Router.php(807): Illuminate\Pipeline\Pipeline->then(Object(Closure))
#43 C:\xampp\htdocs\esgroup\vendor\laravel\framework\src\Illuminate\Routing\Router.php(786): Illuminate\Routing\Router->runRouteWithinStack(Object(Illuminate\Routing\Route), Object(Illuminate\Http\Request))
#44 C:\xampp\htdocs\esgroup\vendor\laravel\framework\src\Illuminate\Routing\Router.php(750): Illuminate\Routing\Router->runRoute(Object(Illuminate\Http\Request), Object(Illuminate\Routing\Route))
#45 C:\xampp\htdocs\esgroup\vendor\laravel\framework\src\Illuminate\Routing\Router.php(739): Illuminate\Routing\Router->dispatchToRoute(Object(Illuminate\Http\Request))
#46 C:\xampp\htdocs\esgroup\vendor\laravel\framework\src\Illuminate\Foundation\Http\Kernel.php(201): Illuminate\Routing\Router->dispatch(Object(Illuminate\Http\Request))
#47 C:\xampp\htdocs\esgroup\vendor\laravel\framework\src\Illuminate\Pipeline\Pipeline.php(144): Illuminate\Foundation\Http\Kernel->Illuminate\Foundation\Http\{closure}(Object(Illuminate\Http\Request))
#48 C:\xampp\htdocs\esgroup\vendor\laravel\framework\src\Illuminate\Foundation\Http\Middleware\TransformsRequest.php(21): Illuminate\Pipeline\Pipeline->Illuminate\Pipeline\{closure}(Object(Illuminate\Http\Request))
#49 C:\xampp\htdocs\esgroup\vendor\laravel\framework\src\Illuminate\Foundation\Http\Middleware\ConvertEmptyStringsToNull.php(31): Illuminate\Foundation\Http\Middleware\TransformsRequest->handle(Object(Illuminate\Http\Request), Object(Closure))
#50 C:\xampp\htdocs\esgroup\vendor\laravel\framework\src\Illuminate\Pipeline\Pipeline.php(183): Illuminate\Foundation\Http\Middleware\ConvertEmptyStringsToNull->handle(Object(Illuminate\Http\Request), Object(Closure))
#51 C:\xampp\htdocs\esgroup\vendor\laravel\framework\src\Illuminate\Foundation\Http\Middleware\TransformsRequest.php(21): Illuminate\Pipeline\Pipeline->Illuminate\Pipeline\{closure}(Object(Illuminate\Http\Request))
#52 C:\xampp\htdocs\esgroup\vendor\laravel\framework\src\Illuminate\Foundation\Http\Middleware\TrimStrings.php(51): Illuminate\Foundation\Http\Middleware\TransformsRequest->handle(Object(Illuminate\Http\Request), Object(Closure))
#53 C:\xampp\htdocs\esgroup\vendor\laravel\framework\src\Illuminate\Pipeline\Pipeline.php(183): Illuminate\Foundation\Http\Middleware\TrimStrings->handle(Object(Illuminate\Http\Request), Object(Closure))
#54 C:\xampp\htdocs\esgroup\vendor\laravel\framework\src\Illuminate\Http\Middleware\ValidatePostSize.php(27): Illuminate\Pipeline\Pipeline->Illuminate\Pipeline\{closure}(Object(Illuminate\Http\Request))
#55 C:\xampp\htdocs\esgroup\vendor\laravel\framework\src\Illuminate\Pipeline\Pipeline.php(183): Illuminate\Http\Middleware\ValidatePostSize->handle(Object(Illuminate\Http\Request), Object(Closure))
#56 C:\xampp\htdocs\esgroup\vendor\laravel\framework\src\Illuminate\Foundation\Http\Middleware\PreventRequestsDuringMaintenance.php(110): Illuminate\Pipeline\Pipeline->Illuminate\Pipeline\{closure}(Object(Illuminate\Http\Request))
#57 C:\xampp\htdocs\esgroup\vendor\laravel\framework\src\Illuminate\Pipeline\Pipeline.php(183): Illuminate\Foundation\Http\Middleware\PreventRequestsDuringMaintenance->handle(Object(Illuminate\Http\Request), Object(Closure))
#58 C:\xampp\htdocs\esgroup\vendor\laravel\framework\src\Illuminate\Http\Middleware\HandleCors.php(49): Illuminate\Pipeline\Pipeline->Illuminate\Pipeline\{closure}(Object(Illuminate\Http\Request))
#59 C:\xampp\htdocs\esgroup\vendor\laravel\framework\src\Illuminate\Pipeline\Pipeline.php(183): Illuminate\Http\Middleware\HandleCors->handle(Object(Illuminate\Http\Request), Object(Closure))
#60 C:\xampp\htdocs\esgroup\vendor\laravel\framework\src\Illuminate\Http\Middleware\TrustProxies.php(58): Illuminate\Pipeline\Pipeline->Illuminate\Pipeline\{closure}(Object(Illuminate\Http\Request))
#61 C:\xampp\htdocs\esgroup\vendor\laravel\framework\src\Illuminate\Pipeline\Pipeline.php(183): Illuminate\Http\Middleware\TrustProxies->handle(Object(Illuminate\Http\Request), Object(Closure))
#62 C:\xampp\htdocs\esgroup\vendor\laravel\framework\src\Illuminate\Foundation\Http\Middleware\InvokeDeferredCallbacks.php(22): Illuminate\Pipeline\Pipeline->Illuminate\Pipeline\{closure}(Object(Illuminate\Http\Request))
#63 C:\xampp\htdocs\esgroup\vendor\laravel\framework\src\Illuminate\Pipeline\Pipeline.php(183): Illuminate\Foundation\Http\Middleware\InvokeDeferredCallbacks->handle(Object(Illuminate\Http\Request), Object(Closure))
#64 C:\xampp\htdocs\esgroup\vendor\laravel\framework\src\Illuminate\Pipeline\Pipeline.php(119): Illuminate\Pipeline\Pipeline->Illuminate\Pipeline\{closure}(Object(Illuminate\Http\Request))
#65 C:\xampp\htdocs\esgroup\vendor\laravel\framework\src\Illuminate\Foundation\Http\Kernel.php(176): Illuminate\Pipeline\Pipeline->then(Object(Closure))
#66 C:\xampp\htdocs\esgroup\vendor\laravel\framework\src\Illuminate\Foundation\Http\Kernel.php(145): Illuminate\Foundation\Http\Kernel->sendRequestThroughRouter(Object(Illuminate\Http\Request))
#67 C:\xampp\htdocs\esgroup\vendor\laravel\framework\src\Illuminate\Foundation\Application.php(1188): Illuminate\Foundation\Http\Kernel->handle(Object(Illuminate\Http\Request))
#68 C:\xampp\htdocs\esgroup\public\index.php(17): Illuminate\Foundation\Application->handleRequest(Object(Illuminate\Http\Request))
#69 C:\xampp\htdocs\esgroup\vendor\laravel\framework\src\Illuminate\Foundation\resources\server.php(23): require_once('C:\\xampp\\htdocs...')
#70 {main}  
[2025-02-22 09:27:20] local.INFO: PDOException: SQLSTATE[HY000] [2002] No connection could be made because the target machine actively refused it in C:\xampp\htdocs\esgroup\vendor\laravel\framework\src\Illuminate\Database\Connectors\Connector.php:66
Stack trace:
#0 C:\xampp\htdocs\esgroup\vendor\laravel\framework\src\Illuminate\Database\Connectors\Connector.php(66): PDO->__construct('mysql:host=127....', 'root', Object(SensitiveParameterValue), Array)
#1 C:\xampp\htdocs\esgroup\vendor\laravel\framework\src\Illuminate\Database\Connectors\Connector.php(85): Illuminate\Database\Connectors\Connector->createPdoConnection('mysql:host=127....', 'root', '', Array)
#2 C:\xampp\htdocs\esgroup\vendor\laravel\framework\src\Illuminate\Database\Connectors\Connector.php(48): Illuminate\Database\Connectors\Connector->tryAgainIfCausedByLostConnection(Object(PDOException), 'mysql:host=127....', 'root', '', Array)
#3 C:\xampp\htdocs\esgroup\vendor\laravel\framework\src\Illuminate\Database\Connectors\MySqlConnector.php(24): Illuminate\Database\Connectors\Connector->createConnection('mysql:host=127....', Array, Array)
#4 C:\xampp\htdocs\esgroup\vendor\laravel\framework\src\Illuminate\Database\Connectors\ConnectionFactory.php(185): Illuminate\Database\Connectors\MySqlConnector->connect(Array)
#5 [internal function]: Illuminate\Database\Connectors\ConnectionFactory->Illuminate\Database\Connectors\{closure}()
#6 C:\xampp\htdocs\esgroup\vendor\laravel\framework\src\Illuminate\Database\Connection.php(1231): call_user_func(Object(Closure))
#7 C:\xampp\htdocs\esgroup\vendor\laravel\framework\src\Illuminate\Database\Connection.php(1267): Illuminate\Database\Connection->getPdo()
#8 C:\xampp\htdocs\esgroup\vendor\laravel\framework\src\Illuminate\Database\Connection.php(512): Illuminate\Database\Connection->getReadPdo()
#9 C:\xampp\htdocs\esgroup\vendor\laravel\framework\src\Illuminate\Database\Connection.php(407): Illuminate\Database\Connection->getPdoForSelect(true)
#10 C:\xampp\htdocs\esgroup\vendor\laravel\framework\src\Illuminate\Database\Connection.php(812): Illuminate\Database\Connection->Illuminate\Database\{closure}('select * from `...', Array)
#11 C:\xampp\htdocs\esgroup\vendor\laravel\framework\src\Illuminate\Database\Connection.php(979): Illuminate\Database\Connection->runQueryCallback('select * from `...', Array, Object(Closure))
#12 C:\xampp\htdocs\esgroup\vendor\laravel\framework\src\Illuminate\Database\Connection.php(958): Illuminate\Database\Connection->tryAgainIfCausedByLostConnection(Object(Illuminate\Database\QueryException), 'select * from `...', Array, Object(Closure))
#13 C:\xampp\htdocs\esgroup\vendor\laravel\framework\src\Illuminate\Database\Connection.php(781): Illuminate\Database\Connection->handleQueryException(Object(Illuminate\Database\QueryException), 'select * from `...', Array, Object(Closure))
#14 C:\xampp\htdocs\esgroup\vendor\laravel\framework\src\Illuminate\Database\Connection.php(398): Illuminate\Database\Connection->run('select * from `...', Array, Object(Closure))
#15 C:\xampp\htdocs\esgroup\vendor\laravel\framework\src\Illuminate\Database\Query\Builder.php(3130): Illuminate\Database\Connection->select('select * from `...', Array, true)
#16 C:\xampp\htdocs\esgroup\vendor\laravel\framework\src\Illuminate\Database\Query\Builder.php(3115): Illuminate\Database\Query\Builder->runSelect()
#17 C:\xampp\htdocs\esgroup\vendor\laravel\framework\src\Illuminate\Database\Query\Builder.php(3703): Illuminate\Database\Query\Builder->Illuminate\Database\Query\{closure}()
#18 C:\xampp\htdocs\esgroup\vendor\laravel\framework\src\Illuminate\Database\Query\Builder.php(3114): Illuminate\Database\Query\Builder->onceWithColumns(Array, Object(Closure))
#19 C:\xampp\htdocs\esgroup\vendor\laravel\framework\src\Illuminate\Database\Eloquent\Builder.php(759): Illuminate\Database\Query\Builder->get(Array)
#20 C:\xampp\htdocs\esgroup\vendor\laravel\framework\src\Illuminate\Database\Eloquent\Builder.php(741): Illuminate\Database\Eloquent\Builder->getModels(Array)
#21 C:\xampp\htdocs\esgroup\vendor\laravel\framework\src\Illuminate\Database\Concerns\BuildsQueries.php(344): Illuminate\Database\Eloquent\Builder->get(Array)
#22 C:\xampp\htdocs\esgroup\vendor\laravel\framework\src\Illuminate\Auth\EloquentUserProvider.php(139): Illuminate\Database\Eloquent\Builder->first()
#23 C:\xampp\htdocs\esgroup\vendor\laravel\framework\src\Illuminate\Auth\SessionGuard.php(393): Illuminate\Auth\EloquentUserProvider->retrieveByCredentials(Object(SensitiveParameterValue))
#24 C:\xampp\htdocs\esgroup\vendor\laravel\framework\src\Illuminate\Auth\AuthManager.php(341): Illuminate\Auth\SessionGuard->attempt(Array)
#25 C:\xampp\htdocs\esgroup\vendor\laravel\framework\src\Illuminate\Support\Facades\Facade.php(358): Illuminate\Auth\AuthManager->__call('attempt', Array)
#26 C:\xampp\htdocs\esgroup\app\Http\Controllers\Auth\LoginController.php(48): Illuminate\Support\Facades\Facade::__callStatic('attempt', Array)
#27 C:\xampp\htdocs\esgroup\vendor\laravel\framework\src\Illuminate\Routing\Controller.php(54): App\Http\Controllers\Auth\LoginController->authenticate(Object(Illuminate\Http\Request))
#28 C:\xampp\htdocs\esgroup\vendor\laravel\framework\src\Illuminate\Routing\ControllerDispatcher.php(43): Illuminate\Routing\Controller->callAction('authenticate', Array)
#29 C:\xampp\htdocs\esgroup\vendor\laravel\framework\src\Illuminate\Routing\Route.php(262): Illuminate\Routing\ControllerDispatcher->dispatch(Object(Illuminate\Routing\Route), Object(App\Http\Controllers\Auth\LoginController), 'authenticate')
#30 C:\xampp\htdocs\esgroup\vendor\laravel\framework\src\Illuminate\Routing\Route.php(208): Illuminate\Routing\Route->runController()
#31 C:\xampp\htdocs\esgroup\vendor\laravel\framework\src\Illuminate\Routing\Router.php(808): Illuminate\Routing\Route->run()
#32 C:\xampp\htdocs\esgroup\vendor\laravel\framework\src\Illuminate\Pipeline\Pipeline.php(144): Illuminate\Routing\Router->Illuminate\Routing\{closure}(Object(Illuminate\Http\Request))
#33 C:\xampp\htdocs\esgroup\vendor\laravel\framework\src\Illuminate\Auth\Middleware\RedirectIfAuthenticated.php(35): Illuminate\Pipeline\Pipeline->Illuminate\Pipeline\{closure}(Object(Illuminate\Http\Request))
#34 C:\xampp\htdocs\esgroup\vendor\laravel\framework\src\Illuminate\Pipeline\Pipeline.php(183): Illuminate\Auth\Middleware\RedirectIfAuthenticated->handle(Object(Illuminate\Http\Request), Object(Closure))
#35 C:\xampp\htdocs\esgroup\vendor\php-flasher\flasher-laravel\Middleware\FlasherMiddleware.php(22): Illuminate\Pipeline\Pipeline->Illuminate\Pipeline\{closure}(Object(Illuminate\Http\Request))
#36 C:\xampp\htdocs\esgroup\vendor\laravel\framework\src\Illuminate\Pipeline\Pipeline.php(183): Flasher\Laravel\Middleware\FlasherMiddleware->handle(Object(Illuminate\Http\Request), Object(Closure))
#37 C:\xampp\htdocs\esgroup\vendor\php-flasher\flasher-laravel\Middleware\SessionMiddleware.php(22): Illuminate\Pipeline\Pipeline->Illuminate\Pipeline\{closure}(Object(Illuminate\Http\Request))
#38 C:\xampp\htdocs\esgroup\vendor\laravel\framework\src\Illuminate\Pipeline\Pipeline.php(183): Flasher\Laravel\Middleware\SessionMiddleware->handle(Object(Illuminate\Http\Request), Object(Closure))
#39 C:\xampp\htdocs\esgroup\vendor\laravel\framework\src\Illuminate\Routing\Middleware\SubstituteBindings.php(51): Illuminate\Pipeline\Pipeline->Illuminate\Pipeline\{closure}(Object(Illuminate\Http\Request))
#40 C:\xampp\htdocs\esgroup\vendor\laravel\framework\src\Illuminate\Pipeline\Pipeline.php(183): Illuminate\Routing\Middleware\SubstituteBindings->handle(Object(Illuminate\Http\Request), Object(Closure))
#41 C:\xampp\htdocs\esgroup\vendor\laravel\framework\src\Illuminate\Foundation\Http\Middleware\VerifyCsrfToken.php(88): Illuminate\Pipeline\Pipeline->Illuminate\Pipeline\{closure}(Object(Illuminate\Http\Request))
#42 C:\xampp\htdocs\esgroup\vendor\laravel\framework\src\Illuminate\Pipeline\Pipeline.php(183): Illuminate\Foundation\Http\Middleware\VerifyCsrfToken->handle(Object(Illuminate\Http\Request), Object(Closure))
#43 C:\xampp\htdocs\esgroup\vendor\laravel\framework\src\Illuminate\View\Middleware\ShareErrorsFromSession.php(49): Illuminate\Pipeline\Pipeline->Illuminate\Pipeline\{closure}(Object(Illuminate\Http\Request))
#44 C:\xampp\htdocs\esgroup\vendor\laravel\framework\src\Illuminate\Pipeline\Pipeline.php(183): Illuminate\View\Middleware\ShareErrorsFromSession->handle(Object(Illuminate\Http\Request), Object(Closure))
#45 C:\xampp\htdocs\esgroup\vendor\laravel\framework\src\Illuminate\Session\Middleware\StartSession.php(121): Illuminate\Pipeline\Pipeline->Illuminate\Pipeline\{closure}(Object(Illuminate\Http\Request))
#46 C:\xampp\htdocs\esgroup\vendor\laravel\framework\src\Illuminate\Session\Middleware\StartSession.php(64): Illuminate\Session\Middleware\StartSession->handleStatefulRequest(Object(Illuminate\Http\Request), Object(Illuminate\Session\Store), Object(Closure))
#47 C:\xampp\htdocs\esgroup\vendor\laravel\framework\src\Illuminate\Pipeline\Pipeline.php(183): Illuminate\Session\Middleware\StartSession->handle(Object(Illuminate\Http\Request), Object(Closure))
#48 C:\xampp\htdocs\esgroup\vendor\laravel\framework\src\Illuminate\Cookie\Middleware\AddQueuedCookiesToResponse.php(37): Illuminate\Pipeline\Pipeline->Illuminate\Pipeline\{closure}(Object(Illuminate\Http\Request))
#49 C:\xampp\htdocs\esgroup\vendor\laravel\framework\src\Illuminate\Pipeline\Pipeline.php(183): Illuminate\Cookie\Middleware\AddQueuedCookiesToResponse->handle(Object(Illuminate\Http\Request), Object(Closure))
#50 C:\xampp\htdocs\esgroup\vendor\laravel\framework\src\Illuminate\Cookie\Middleware\EncryptCookies.php(75): Illuminate\Pipeline\Pipeline->Illuminate\Pipeline\{closure}(Object(Illuminate\Http\Request))
#51 C:\xampp\htdocs\esgroup\vendor\laravel\framework\src\Illuminate\Pipeline\Pipeline.php(183): Illuminate\Cookie\Middleware\EncryptCookies->handle(Object(Illuminate\Http\Request), Object(Closure))
#52 C:\xampp\htdocs\esgroup\vendor\laravel\framework\src\Illuminate\Pipeline\Pipeline.php(119): Illuminate\Pipeline\Pipeline->Illuminate\Pipeline\{closure}(Object(Illuminate\Http\Request))
#53 C:\xampp\htdocs\esgroup\vendor\laravel\framework\src\Illuminate\Routing\Router.php(807): Illuminate\Pipeline\Pipeline->then(Object(Closure))
#54 C:\xampp\htdocs\esgroup\vendor\laravel\framework\src\Illuminate\Routing\Router.php(786): Illuminate\Routing\Router->runRouteWithinStack(Object(Illuminate\Routing\Route), Object(Illuminate\Http\Request))
#55 C:\xampp\htdocs\esgroup\vendor\laravel\framework\src\Illuminate\Routing\Router.php(750): Illuminate\Routing\Router->runRoute(Object(Illuminate\Http\Request), Object(Illuminate\Routing\Route))
#56 C:\xampp\htdocs\esgroup\vendor\laravel\framework\src\Illuminate\Routing\Router.php(739): Illuminate\Routing\Router->dispatchToRoute(Object(Illuminate\Http\Request))
#57 C:\xampp\htdocs\esgroup\vendor\laravel\framework\src\Illuminate\Foundation\Http\Kernel.php(201): Illuminate\Routing\Router->dispatch(Object(Illuminate\Http\Request))
#58 C:\xampp\htdocs\esgroup\vendor\laravel\framework\src\Illuminate\Pipeline\Pipeline.php(144): Illuminate\Foundation\Http\Kernel->Illuminate\Foundation\Http\{closure}(Object(Illuminate\Http\Request))
#59 C:\xampp\htdocs\esgroup\vendor\laravel\framework\src\Illuminate\Foundation\Http\Middleware\TransformsRequest.php(21): Illuminate\Pipeline\Pipeline->Illuminate\Pipeline\{closure}(Object(Illuminate\Http\Request))
#60 C:\xampp\htdocs\esgroup\vendor\laravel\framework\src\Illuminate\Foundation\Http\Middleware\ConvertEmptyStringsToNull.php(31): Illuminate\Foundation\Http\Middleware\TransformsRequest->handle(Object(Illuminate\Http\Request), Object(Closure))
#61 C:\xampp\htdocs\esgroup\vendor\laravel\framework\src\Illuminate\Pipeline\Pipeline.php(183): Illuminate\Foundation\Http\Middleware\ConvertEmptyStringsToNull->handle(Object(Illuminate\Http\Request), Object(Closure))
#62 C:\xampp\htdocs\esgroup\vendor\laravel\framework\src\Illuminate\Foundation\Http\Middleware\TransformsRequest.php(21): Illuminate\Pipeline\Pipeline->Illuminate\Pipeline\{closure}(Object(Illuminate\Http\Request))
#63 C:\xampp\htdocs\esgroup\vendor\laravel\framework\src\Illuminate\Foundation\Http\Middleware\TrimStrings.php(51): Illuminate\Foundation\Http\Middleware\TransformsRequest->handle(Object(Illuminate\Http\Request), Object(Closure))
#64 C:\xampp\htdocs\esgroup\vendor\laravel\framework\src\Illuminate\Pipeline\Pipeline.php(183): Illuminate\Foundation\Http\Middleware\TrimStrings->handle(Object(Illuminate\Http\Request), Object(Closure))
#65 C:\xampp\htdocs\esgroup\vendor\laravel\framework\src\Illuminate\Http\Middleware\ValidatePostSize.php(27): Illuminate\Pipeline\Pipeline->Illuminate\Pipeline\{closure}(Object(Illuminate\Http\Request))
#66 C:\xampp\htdocs\esgroup\vendor\laravel\framework\src\Illuminate\Pipeline\Pipeline.php(183): Illuminate\Http\Middleware\ValidatePostSize->handle(Object(Illuminate\Http\Request), Object(Closure))
#67 C:\xampp\htdocs\esgroup\vendor\laravel\framework\src\Illuminate\Foundation\Http\Middleware\PreventRequestsDuringMaintenance.php(110): Illuminate\Pipeline\Pipeline->Illuminate\Pipeline\{closure}(Object(Illuminate\Http\Request))
#68 C:\xampp\htdocs\esgroup\vendor\laravel\framework\src\Illuminate\Pipeline\Pipeline.php(183): Illuminate\Foundation\Http\Middleware\PreventRequestsDuringMaintenance->handle(Object(Illuminate\Http\Request), Object(Closure))
#69 C:\xampp\htdocs\esgroup\vendor\laravel\framework\src\Illuminate\Http\Middleware\HandleCors.php(49): Illuminate\Pipeline\Pipeline->Illuminate\Pipeline\{closure}(Object(Illuminate\Http\Request))
#70 C:\xampp\htdocs\esgroup\vendor\laravel\framework\src\Illuminate\Pipeline\Pipeline.php(183): Illuminate\Http\Middleware\HandleCors->handle(Object(Illuminate\Http\Request), Object(Closure))
#71 C:\xampp\htdocs\esgroup\vendor\laravel\framework\src\Illuminate\Http\Middleware\TrustProxies.php(58): Illuminate\Pipeline\Pipeline->Illuminate\Pipeline\{closure}(Object(Illuminate\Http\Request))
#72 C:\xampp\htdocs\esgroup\vendor\laravel\framework\src\Illuminate\Pipeline\Pipeline.php(183): Illuminate\Http\Middleware\TrustProxies->handle(Object(Illuminate\Http\Request), Object(Closure))
#73 C:\xampp\htdocs\esgroup\vendor\laravel\framework\src\Illuminate\Foundation\Http\Middleware\InvokeDeferredCallbacks.php(22): Illuminate\Pipeline\Pipeline->Illuminate\Pipeline\{closure}(Object(Illuminate\Http\Request))
#74 C:\xampp\htdocs\esgroup\vendor\laravel\framework\src\Illuminate\Pipeline\Pipeline.php(183): Illuminate\Foundation\Http\Middleware\InvokeDeferredCallbacks->handle(Object(Illuminate\Http\Request), Object(Closure))
#75 C:\xampp\htdocs\esgroup\vendor\laravel\framework\src\Illuminate\Pipeline\Pipeline.php(119): Illuminate\Pipeline\Pipeline->Illuminate\Pipeline\{closure}(Object(Illuminate\Http\Request))
#76 C:\xampp\htdocs\esgroup\vendor\laravel\framework\src\Illuminate\Foundation\Http\Kernel.php(176): Illuminate\Pipeline\Pipeline->then(Object(Closure))
#77 C:\xampp\htdocs\esgroup\vendor\laravel\framework\src\Illuminate\Foundation\Http\Kernel.php(145): Illuminate\Foundation\Http\Kernel->sendRequestThroughRouter(Object(Illuminate\Http\Request))
#78 C:\xampp\htdocs\esgroup\vendor\laravel\framework\src\Illuminate\Foundation\Application.php(1188): Illuminate\Foundation\Http\Kernel->handle(Object(Illuminate\Http\Request))
#79 C:\xampp\htdocs\esgroup\public\index.php(17): Illuminate\Foundation\Application->handleRequest(Object(Illuminate\Http\Request))
#80 C:\xampp\htdocs\esgroup\vendor\laravel\framework\src\Illuminate\Foundation\resources\server.php(23): require_once('C:\\xampp\\htdocs...')
#81 {main}

Next Illuminate\Database\QueryException: SQLSTATE[HY000] [2002] No connection could be made because the target machine actively refused it (Connection: mysql, SQL: select * from `users` where `email` = es.itdepartment.main@gmail.com and `status` = Active limit 1) in C:\xampp\htdocs\esgroup\vendor\laravel\framework\src\Illuminate\Database\Connection.php:825
Stack trace:
#0 C:\xampp\htdocs\esgroup\vendor\laravel\framework\src\Illuminate\Database\Connection.php(979): Illuminate\Database\Connection->runQueryCallback('select * from `...', Array, Object(Closure))
#1 C:\xampp\htdocs\esgroup\vendor\laravel\framework\src\Illuminate\Database\Connection.php(958): Illuminate\Database\Connection->tryAgainIfCausedByLostConnection(Object(Illuminate\Database\QueryException), 'select * from `...', Array, Object(Closure))
#2 C:\xampp\htdocs\esgroup\vendor\laravel\framework\src\Illuminate\Database\Connection.php(781): Illuminate\Database\Connection->handleQueryException(Object(Illuminate\Database\QueryException), 'select * from `...', Array, Object(Closure))
#3 C:\xampp\htdocs\esgroup\vendor\laravel\framework\src\Illuminate\Database\Connection.php(398): Illuminate\Database\Connection->run('select * from `...', Array, Object(Closure))
#4 C:\xampp\htdocs\esgroup\vendor\laravel\framework\src\Illuminate\Database\Query\Builder.php(3130): Illuminate\Database\Connection->select('select * from `...', Array, true)
#5 C:\xampp\htdocs\esgroup\vendor\laravel\framework\src\Illuminate\Database\Query\Builder.php(3115): Illuminate\Database\Query\Builder->runSelect()
#6 C:\xampp\htdocs\esgroup\vendor\laravel\framework\src\Illuminate\Database\Query\Builder.php(3703): Illuminate\Database\Query\Builder->Illuminate\Database\Query\{closure}()
#7 C:\xampp\htdocs\esgroup\vendor\laravel\framework\src\Illuminate\Database\Query\Builder.php(3114): Illuminate\Database\Query\Builder->onceWithColumns(Array, Object(Closure))
#8 C:\xampp\htdocs\esgroup\vendor\laravel\framework\src\Illuminate\Database\Eloquent\Builder.php(759): Illuminate\Database\Query\Builder->get(Array)
#9 C:\xampp\htdocs\esgroup\vendor\laravel\framework\src\Illuminate\Database\Eloquent\Builder.php(741): Illuminate\Database\Eloquent\Builder->getModels(Array)
#10 C:\xampp\htdocs\esgroup\vendor\laravel\framework\src\Illuminate\Database\Concerns\BuildsQueries.php(344): Illuminate\Database\Eloquent\Builder->get(Array)
#11 C:\xampp\htdocs\esgroup\vendor\laravel\framework\src\Illuminate\Auth\EloquentUserProvider.php(139): Illuminate\Database\Eloquent\Builder->first()
#12 C:\xampp\htdocs\esgroup\vendor\laravel\framework\src\Illuminate\Auth\SessionGuard.php(393): Illuminate\Auth\EloquentUserProvider->retrieveByCredentials(Object(SensitiveParameterValue))
#13 C:\xampp\htdocs\esgroup\vendor\laravel\framework\src\Illuminate\Auth\AuthManager.php(341): Illuminate\Auth\SessionGuard->attempt(Array)
#14 C:\xampp\htdocs\esgroup\vendor\laravel\framework\src\Illuminate\Support\Facades\Facade.php(358): Illuminate\Auth\AuthManager->__call('attempt', Array)
#15 C:\xampp\htdocs\esgroup\app\Http\Controllers\Auth\LoginController.php(48): Illuminate\Support\Facades\Facade::__callStatic('attempt', Array)
#16 C:\xampp\htdocs\esgroup\vendor\laravel\framework\src\Illuminate\Routing\Controller.php(54): App\Http\Controllers\Auth\LoginController->authenticate(Object(Illuminate\Http\Request))
#17 C:\xampp\htdocs\esgroup\vendor\laravel\framework\src\Illuminate\Routing\ControllerDispatcher.php(43): Illuminate\Routing\Controller->callAction('authenticate', Array)
#18 C:\xampp\htdocs\esgroup\vendor\laravel\framework\src\Illuminate\Routing\Route.php(262): Illuminate\Routing\ControllerDispatcher->dispatch(Object(Illuminate\Routing\Route), Object(App\Http\Controllers\Auth\LoginController), 'authenticate')
#19 C:\xampp\htdocs\esgroup\vendor\laravel\framework\src\Illuminate\Routing\Route.php(208): Illuminate\Routing\Route->runController()
#20 C:\xampp\htdocs\esgroup\vendor\laravel\framework\src\Illuminate\Routing\Router.php(808): Illuminate\Routing\Route->run()
#21 C:\xampp\htdocs\esgroup\vendor\laravel\framework\src\Illuminate\Pipeline\Pipeline.php(144): Illuminate\Routing\Router->Illuminate\Routing\{closure}(Object(Illuminate\Http\Request))
#22 C:\xampp\htdocs\esgroup\vendor\laravel\framework\src\Illuminate\Auth\Middleware\RedirectIfAuthenticated.php(35): Illuminate\Pipeline\Pipeline->Illuminate\Pipeline\{closure}(Object(Illuminate\Http\Request))
#23 C:\xampp\htdocs\esgroup\vendor\laravel\framework\src\Illuminate\Pipeline\Pipeline.php(183): Illuminate\Auth\Middleware\RedirectIfAuthenticated->handle(Object(Illuminate\Http\Request), Object(Closure))
#24 C:\xampp\htdocs\esgroup\vendor\php-flasher\flasher-laravel\Middleware\FlasherMiddleware.php(22): Illuminate\Pipeline\Pipeline->Illuminate\Pipeline\{closure}(Object(Illuminate\Http\Request))
#25 C:\xampp\htdocs\esgroup\vendor\laravel\framework\src\Illuminate\Pipeline\Pipeline.php(183): Flasher\Laravel\Middleware\FlasherMiddleware->handle(Object(Illuminate\Http\Request), Object(Closure))
#26 C:\xampp\htdocs\esgroup\vendor\php-flasher\flasher-laravel\Middleware\SessionMiddleware.php(22): Illuminate\Pipeline\Pipeline->Illuminate\Pipeline\{closure}(Object(Illuminate\Http\Request))
#27 C:\xampp\htdocs\esgroup\vendor\laravel\framework\src\Illuminate\Pipeline\Pipeline.php(183): Flasher\Laravel\Middleware\SessionMiddleware->handle(Object(Illuminate\Http\Request), Object(Closure))
#28 C:\xampp\htdocs\esgroup\vendor\laravel\framework\src\Illuminate\Routing\Middleware\SubstituteBindings.php(51): Illuminate\Pipeline\Pipeline->Illuminate\Pipeline\{closure}(Object(Illuminate\Http\Request))
#29 C:\xampp\htdocs\esgroup\vendor\laravel\framework\src\Illuminate\Pipeline\Pipeline.php(183): Illuminate\Routing\Middleware\SubstituteBindings->handle(Object(Illuminate\Http\Request), Object(Closure))
#30 C:\xampp\htdocs\esgroup\vendor\laravel\framework\src\Illuminate\Foundation\Http\Middleware\VerifyCsrfToken.php(88): Illuminate\Pipeline\Pipeline->Illuminate\Pipeline\{closure}(Object(Illuminate\Http\Request))
#31 C:\xampp\htdocs\esgroup\vendor\laravel\framework\src\Illuminate\Pipeline\Pipeline.php(183): Illuminate\Foundation\Http\Middleware\VerifyCsrfToken->handle(Object(Illuminate\Http\Request), Object(Closure))
#32 C:\xampp\htdocs\esgroup\vendor\laravel\framework\src\Illuminate\View\Middleware\ShareErrorsFromSession.php(49): Illuminate\Pipeline\Pipeline->Illuminate\Pipeline\{closure}(Object(Illuminate\Http\Request))
#33 C:\xampp\htdocs\esgroup\vendor\laravel\framework\src\Illuminate\Pipeline\Pipeline.php(183): Illuminate\View\Middleware\ShareErrorsFromSession->handle(Object(Illuminate\Http\Request), Object(Closure))
#34 C:\xampp\htdocs\esgroup\vendor\laravel\framework\src\Illuminate\Session\Middleware\StartSession.php(121): Illuminate\Pipeline\Pipeline->Illuminate\Pipeline\{closure}(Object(Illuminate\Http\Request))
#35 C:\xampp\htdocs\esgroup\vendor\laravel\framework\src\Illuminate\Session\Middleware\StartSession.php(64): Illuminate\Session\Middleware\StartSession->handleStatefulRequest(Object(Illuminate\Http\Request), Object(Illuminate\Session\Store), Object(Closure))
#36 C:\xampp\htdocs\esgroup\vendor\laravel\framework\src\Illuminate\Pipeline\Pipeline.php(183): Illuminate\Session\Middleware\StartSession->handle(Object(Illuminate\Http\Request), Object(Closure))
#37 C:\xampp\htdocs\esgroup\vendor\laravel\framework\src\Illuminate\Cookie\Middleware\AddQueuedCookiesToResponse.php(37): Illuminate\Pipeline\Pipeline->Illuminate\Pipeline\{closure}(Object(Illuminate\Http\Request))
#38 C:\xampp\htdocs\esgroup\vendor\laravel\framework\src\Illuminate\Pipeline\Pipeline.php(183): Illuminate\Cookie\Middleware\AddQueuedCookiesToResponse->handle(Object(Illuminate\Http\Request), Object(Closure))
#39 C:\xampp\htdocs\esgroup\vendor\laravel\framework\src\Illuminate\Cookie\Middleware\EncryptCookies.php(75): Illuminate\Pipeline\Pipeline->Illuminate\Pipeline\{closure}(Object(Illuminate\Http\Request))
#40 C:\xampp\htdocs\esgroup\vendor\laravel\framework\src\Illuminate\Pipeline\Pipeline.php(183): Illuminate\Cookie\Middleware\EncryptCookies->handle(Object(Illuminate\Http\Request), Object(Closure))
#41 C:\xampp\htdocs\esgroup\vendor\laravel\framework\src\Illuminate\Pipeline\Pipeline.php(119): Illuminate\Pipeline\Pipeline->Illuminate\Pipeline\{closure}(Object(Illuminate\Http\Request))
#42 C:\xampp\htdocs\esgroup\vendor\laravel\framework\src\Illuminate\Routing\Router.php(807): Illuminate\Pipeline\Pipeline->then(Object(Closure))
#43 C:\xampp\htdocs\esgroup\vendor\laravel\framework\src\Illuminate\Routing\Router.php(786): Illuminate\Routing\Router->runRouteWithinStack(Object(Illuminate\Routing\Route), Object(Illuminate\Http\Request))
#44 C:\xampp\htdocs\esgroup\vendor\laravel\framework\src\Illuminate\Routing\Router.php(750): Illuminate\Routing\Router->runRoute(Object(Illuminate\Http\Request), Object(Illuminate\Routing\Route))
#45 C:\xampp\htdocs\esgroup\vendor\laravel\framework\src\Illuminate\Routing\Router.php(739): Illuminate\Routing\Router->dispatchToRoute(Object(Illuminate\Http\Request))
#46 C:\xampp\htdocs\esgroup\vendor\laravel\framework\src\Illuminate\Foundation\Http\Kernel.php(201): Illuminate\Routing\Router->dispatch(Object(Illuminate\Http\Request))
#47 C:\xampp\htdocs\esgroup\vendor\laravel\framework\src\Illuminate\Pipeline\Pipeline.php(144): Illuminate\Foundation\Http\Kernel->Illuminate\Foundation\Http\{closure}(Object(Illuminate\Http\Request))
#48 C:\xampp\htdocs\esgroup\vendor\laravel\framework\src\Illuminate\Foundation\Http\Middleware\TransformsRequest.php(21): Illuminate\Pipeline\Pipeline->Illuminate\Pipeline\{closure}(Object(Illuminate\Http\Request))
#49 C:\xampp\htdocs\esgroup\vendor\laravel\framework\src\Illuminate\Foundation\Http\Middleware\ConvertEmptyStringsToNull.php(31): Illuminate\Foundation\Http\Middleware\TransformsRequest->handle(Object(Illuminate\Http\Request), Object(Closure))
#50 C:\xampp\htdocs\esgroup\vendor\laravel\framework\src\Illuminate\Pipeline\Pipeline.php(183): Illuminate\Foundation\Http\Middleware\ConvertEmptyStringsToNull->handle(Object(Illuminate\Http\Request), Object(Closure))
#51 C:\xampp\htdocs\esgroup\vendor\laravel\framework\src\Illuminate\Foundation\Http\Middleware\TransformsRequest.php(21): Illuminate\Pipeline\Pipeline->Illuminate\Pipeline\{closure}(Object(Illuminate\Http\Request))
#52 C:\xampp\htdocs\esgroup\vendor\laravel\framework\src\Illuminate\Foundation\Http\Middleware\TrimStrings.php(51): Illuminate\Foundation\Http\Middleware\TransformsRequest->handle(Object(Illuminate\Http\Request), Object(Closure))
#53 C:\xampp\htdocs\esgroup\vendor\laravel\framework\src\Illuminate\Pipeline\Pipeline.php(183): Illuminate\Foundation\Http\Middleware\TrimStrings->handle(Object(Illuminate\Http\Request), Object(Closure))
#54 C:\xampp\htdocs\esgroup\vendor\laravel\framework\src\Illuminate\Http\Middleware\ValidatePostSize.php(27): Illuminate\Pipeline\Pipeline->Illuminate\Pipeline\{closure}(Object(Illuminate\Http\Request))
#55 C:\xampp\htdocs\esgroup\vendor\laravel\framework\src\Illuminate\Pipeline\Pipeline.php(183): Illuminate\Http\Middleware\ValidatePostSize->handle(Object(Illuminate\Http\Request), Object(Closure))
#56 C:\xampp\htdocs\esgroup\vendor\laravel\framework\src\Illuminate\Foundation\Http\Middleware\PreventRequestsDuringMaintenance.php(110): Illuminate\Pipeline\Pipeline->Illuminate\Pipeline\{closure}(Object(Illuminate\Http\Request))
#57 C:\xampp\htdocs\esgroup\vendor\laravel\framework\src\Illuminate\Pipeline\Pipeline.php(183): Illuminate\Foundation\Http\Middleware\PreventRequestsDuringMaintenance->handle(Object(Illuminate\Http\Request), Object(Closure))
#58 C:\xampp\htdocs\esgroup\vendor\laravel\framework\src\Illuminate\Http\Middleware\HandleCors.php(49): Illuminate\Pipeline\Pipeline->Illuminate\Pipeline\{closure}(Object(Illuminate\Http\Request))
#59 C:\xampp\htdocs\esgroup\vendor\laravel\framework\src\Illuminate\Pipeline\Pipeline.php(183): Illuminate\Http\Middleware\HandleCors->handle(Object(Illuminate\Http\Request), Object(Closure))
#60 C:\xampp\htdocs\esgroup\vendor\laravel\framework\src\Illuminate\Http\Middleware\TrustProxies.php(58): Illuminate\Pipeline\Pipeline->Illuminate\Pipeline\{closure}(Object(Illuminate\Http\Request))
#61 C:\xampp\htdocs\esgroup\vendor\laravel\framework\src\Illuminate\Pipeline\Pipeline.php(183): Illuminate\Http\Middleware\TrustProxies->handle(Object(Illuminate\Http\Request), Object(Closure))
#62 C:\xampp\htdocs\esgroup\vendor\laravel\framework\src\Illuminate\Foundation\Http\Middleware\InvokeDeferredCallbacks.php(22): Illuminate\Pipeline\Pipeline->Illuminate\Pipeline\{closure}(Object(Illuminate\Http\Request))
#63 C:\xampp\htdocs\esgroup\vendor\laravel\framework\src\Illuminate\Pipeline\Pipeline.php(183): Illuminate\Foundation\Http\Middleware\InvokeDeferredCallbacks->handle(Object(Illuminate\Http\Request), Object(Closure))
#64 C:\xampp\htdocs\esgroup\vendor\laravel\framework\src\Illuminate\Pipeline\Pipeline.php(119): Illuminate\Pipeline\Pipeline->Illuminate\Pipeline\{closure}(Object(Illuminate\Http\Request))
#65 C:\xampp\htdocs\esgroup\vendor\laravel\framework\src\Illuminate\Foundation\Http\Kernel.php(176): Illuminate\Pipeline\Pipeline->then(Object(Closure))
#66 C:\xampp\htdocs\esgroup\vendor\laravel\framework\src\Illuminate\Foundation\Http\Kernel.php(145): Illuminate\Foundation\Http\Kernel->sendRequestThroughRouter(Object(Illuminate\Http\Request))
#67 C:\xampp\htdocs\esgroup\vendor\laravel\framework\src\Illuminate\Foundation\Application.php(1188): Illuminate\Foundation\Http\Kernel->handle(Object(Illuminate\Http\Request))
#68 C:\xampp\htdocs\esgroup\public\index.php(17): Illuminate\Foundation\Application->handleRequest(Object(Illuminate\Http\Request))
#69 C:\xampp\htdocs\esgroup\vendor\laravel\framework\src\Illuminate\Foundation\resources\server.php(23): require_once('C:\\xampp\\htdocs...')
#70 {main}  
